[15Sep2024 00:48:42.569] [User Authenticator #9/INFO] [net.minecraft.server.network.ServerLoginPacketListenerImpl/]: UUID of player _PalaKing_ is 46e738b7-1f4c-490f-ae6e-1278693e3351
[15Sep2024 00:48:58.009] [Server thread/INFO] [net.minecraft.server.players.PlayerList/]: _PalaKing_[/188.89.115.162:53910] logged in with entity id 1556414 at (-298.1743668442542, 80.0, -281.3393191330862)
[15Sep2024 00:48:58.017] [Server thread/INFO] [net.minecraft.server.MinecraftServer/]: _PalaKing_ joined the game
[15Sep2024 00:48:58.047] [Server thread/INFO] [xaero.pac.OpenPartiesAndClaims/]: Updating all forceload tickets for 46e738b7-1f4c-490f-ae6e-1278693e3351
[15Sep2024 00:48:58.049] [Server thread/INFO] [Jade/]: Syncing config to _PalaKing_ (46e738b7-1f4c-490f-ae6e-1278693e3351)
[15Sep2024 00:48:58.918] [Server thread/INFO] [de.melanx.simplebackups.SimpleBackups/]: Backup done.
[15Sep2024 00:48:58.933] [SimpleBackups/INFO] [de.melanx.simplebackups.BackupThread/]: Successfully deleted "world_2024-09-12_11-20-33.zip"
[15Sep2024 00:49:34.789] [Server thread/INFO] [net.minecraft.server.MinecraftServer/]: [_PalaKing_: Set own game mode to Creative Mode]
[15Sep2024 00:56:18.185] [Server thread/INFO] [net.minecraft.server.MinecraftServer/]: [_PalaKing_: Set own game mode to Survival Mode]
[15Sep2024 00:56:33.004] [Server thread/INFO] [net.minecraft.server.MinecraftServer/]: [_PalaKing_: Set own game mode to Creative Mode]
[15Sep2024 00:58:59.671] [Server thread/INFO] [net.minecraft.server.MinecraftServer/]: _PalaKing_ has made the advancement [Shadow Sense]
[15Sep2024 01:37:02.886] [Server thread/INFO] [org.valkyrienskies.eureka.util.ShipAssembler/]: Assembled ship with 158 blocks, out of 10000000 allowed
[15Sep2024 01:37:09.724] [Server thread/ERROR] [VS2 Get Entities Mixin/]: java.lang.Exception: Collision box is too big! AABB[-2.8588016650000006E7, 84.83333606802738, -219.80000001192093] -> [-302.5, 86.80000001192093, 1.2290054650000006E7] returning empty list! this might break things
[15Sep2024 01:37:14.728] [Server thread/ERROR] [VS2 Get Entities Mixin/]: java.lang.Exception: Collision box is too big! AABB[-2.8588016650000006E7, 86.5, -216.33288455728632] -> [-309.94152636059124, 94.48042961117494, 1.2290054650000006E7] returning empty list! this might break things
[15Sep2024 01:37:19.770] [Server thread/ERROR] [VS2 Get Entities Mixin/]: java.lang.Exception: Collision box is too big! AABB[-2.8588016650000006E7, 86.5, -207.47489355454366] -> [-322.02683841425153, 94.4823995235667, 1.2290054650000006E7] returning empty list! this might break things
[15Sep2024 01:37:24.817] [Server thread/ERROR] [VS2 Get Entities Mixin/]: java.lang.Exception: Collision box is too big! AABB[-2.8588016650000006E7, 86.5, -206.6789868415226] -> [-336.8933107072232, 91.6711694601575, 1.2290054650000006E7] returning empty list! this might break things
[15Sep2024 01:37:29.819] [Server thread/ERROR] [VS2 Get Entities Mixin/]: java.lang.Exception: Collision box is too big! AABB[-2.8588016650000006E7, 79.86562484940708, -209.40329218266524] -> [-343.98171412245284, 86.80000001192093, 1.2290054650000006E7] returning empty list! this might break things
[15Sep2024 01:37:34.935] [Server thread/ERROR] [VS2 Get Entities Mixin/]: java.lang.Exception: Collision box is too big! AABB[-2.8588016650000006E7, 75.7493260464169, -213.3496379318126] -> [-336.87497068737616, 86.80000001192093, 1.2290054650000006E7] returning empty list! this might break things
[15Sep2024 01:37:42.574] [Server thread/ERROR] [VS2 Get Entities Mixin/]: java.lang.Exception: Collision box is too big! AABB[-2.8588016650000006E7, 75.12391228853085, -212.87904150545464] -> [-336.5688159564753, 86.80000001192093, 1.2290054650000006E7] returning empty list! this might break things
[15Sep2024 01:37:47.620] [Server thread/ERROR] [VS2 Get Entities Mixin/]: java.lang.Exception: Collision box is too big! AABB[-2.8588016650000006E7, 75.72109237585322, -204.92231487065342] -> [-339.2404906591039, 86.80000001192093, 1.2290054650000006E7] returning empty list! this might break things
[15Sep2024 01:37:52.673] [Server thread/ERROR] [VS2 Get Entities Mixin/]: java.lang.Exception: Collision box is too big! AABB[-2.8588016650000006E7, 75.06895969322068, -201.167532511976] -> [-325.9525195504935, 86.80000001192093, 1.2290054650000006E7] returning empty list! this might break things
[15Sep2024 01:38:04.482] [Server thread/ERROR] [VS2 Get Entities Mixin/]: java.lang.Exception: Collision box is too big! AABB[-2.8588016650000006E7, 75.05737982914434, -203.5517911909771] -> [-322.789460369798, 86.80000001192093, 1.2290054650000006E7] returning empty list! this might break things
[15Sep2024 01:38:21.519] [Server thread/ERROR] [VS2 Get Entities Mixin/]: java.lang.Exception: Collision box is too big! AABB[-2.8588016650000006E7, 75.05715420196793, -203.79137511232642] -> [-322.76079351843174, 86.80000001192093, 1.2290054650000006E7] returning empty list! this might break things
[15Sep2024 01:38:26.524] [Server thread/ERROR] [VS2 Get Entities Mixin/]: java.lang.Exception: Collision box is too big! AABB[-2.8588016650000006E7, 75.05631287510914, -204.43982297227734] -> [-322.8010193310143, 86.80000001192093, 1.2290054650000006E7] returning empty list! this might break things
[15Sep2024 01:39:57.529] [Server thread/INFO] [org.valkyrienskies.eureka.util.ShipAssembler/]: Assembled ship with 158 blocks, out of 10000000 allowed
[15Sep2024 01:40:10.228] [Server thread/ERROR] [VS2 Get Entities Mixin/]: java.lang.Exception: Collision box is too big! AABB[-2.8583929650000006E7, 89.02499999498546, -254.10000002384186] -> [-263.19999998807907, 90.82499994730175, 1.2290052650000006E7] returning empty list! this might break things
[15Sep2024 01:40:15.274] [Server thread/ERROR] [VS2 Get Entities Mixin/]: java.lang.Exception: Collision box is too big! AABB[-2.8583929650000006E7, 89.5, -258.66173083667775] -> [-255.3178254257524, 91.4299202632009, 1.2290052650000006E7] returning empty list! this might break things
[15Sep2024 01:40:20.321] [Server thread/ERROR] [VS2 Get Entities Mixin/]: java.lang.Exception: Collision box is too big! AABB[-2.8583929650000006E7, 89.5, -245.4201422730385] -> [-253.55671365879786, 91.44352908131572, 1.2290052650000006E7] returning empty list! this might break things
[15Sep2024 01:40:25.381] [Server thread/ERROR] [VS2 Get Entities Mixin/]: java.lang.Exception: Collision box is too big! AABB[-2.8583929650000006E7, 89.5, -231.9131222912966] -> [-260.38484458946, 91.44247983796721, 1.2290052650000006E7] returning empty list! this might break things
[15Sep2024 01:40:30.422] [Server thread/ERROR] [VS2 Get Entities Mixin/]: java.lang.Exception: Collision box is too big! AABB[-2.8583929650000006E7, 89.5, -220.43157425019132] -> [-270.22550505720386, 91.44510226984677, 1.2290052650000006E7] returning empty list! this might break things
[15Sep2024 01:40:35.430] [Server thread/ERROR] [VS2 Get Entities Mixin/]: java.lang.Exception: Collision box is too big! AABB[-2.8583929650000006E7, 89.5, -210.4135108297615] -> [-281.243554140854, 91.44133658137694, 1.2290052650000006E7] returning empty list! this might break things
[15Sep2024 01:40:40.468] [Server thread/ERROR] [VS2 Get Entities Mixin/]: java.lang.Exception: Collision box is too big! AABB[-2.8583929650000006E7, 85.41759177369363, -202.49396181066652] -> [-294.1495053417617, 89.80000001192093, 1.2290052650000006E7] returning empty list! this might break things
[15Sep2024 01:40:45.472] [Server thread/ERROR] [VS2 Get Entities Mixin/]: java.lang.Exception: Collision box is too big! AABB[-2.8583929650000006E7, 79.6438898389596, -197.39650183426707] -> [-308.1116311075552, 89.80000001192093, 1.2290052650000006E7] returning empty list! this might break things
[15Sep2024 01:40:50.522] [Server thread/ERROR] [VS2 Get Entities Mixin/]: java.lang.Exception: Collision box is too big! AABB[-2.8583929650000006E7, 75.23727082519896, -196.88283550028197] -> [-316.9056137711144, 89.80000001192093, 1.2290052650000006E7] returning empty list! this might break things
[15Sep2024 01:41:03.919] [Server thread/ERROR] [VS2 Get Entities Mixin/]: java.lang.Exception: Collision box is too big! AABB[-2.8583929650000006E7, 74.58281592725689, -197.48336279387422] -> [-321.6302888364224, 89.80000001192093, 1.2290052650000006E7] returning empty list! this might break things
[15Sep2024 01:41:08.919] [Server thread/ERROR] [VS2 Get Entities Mixin/]: java.lang.Exception: Collision box is too big! AABB[-2.8583929650000006E7, 74.58331863599597, -197.09437026556293] -> [-322.13908244988943, 89.80000001192093, 1.2290052650000006E7] returning empty list! this might break things
[15Sep2024 01:41:24.773] [Server thread/ERROR] [VS2 Get Entities Mixin/]: java.lang.Exception: Collision box is too big! AABB[-2.8583929650000006E7, 74.58329375265748, -197.40914342004112] -> [-322.18925400892607, 89.80000001192093, 1.2290052650000006E7] returning empty list! this might break things
[15Sep2024 01:41:29.826] [Server thread/ERROR] [VS2 Get Entities Mixin/]: java.lang.Exception: Collision box is too big! AABB[-2.8583929650000006E7, 74.44091066671535, -201.96059249636662] -> [-326.63646767438775, 89.80000001192093, 1.2290052650000006E7] returning empty list! this might break things
[15Sep2024 02:18:04.073] [Server thread/ERROR] [VS2 Get Entities Mixin/]: java.lang.Exception: Collision box is too big! AABB[-2.8588016650000006E7, 75.08204563203617, -208.75294335715137] -> [-332.09163108447586, 86.80000001192093, 1.2290054650000006E7] returning empty list! this might break things
[15Sep2024 02:18:09.126] [Server thread/ERROR] [VS2 Get Entities Mixin/]: java.lang.Exception: Collision box is too big! AABB[-2.8588016650000006E7, 75.71225898041654, -212.57699839721315] -> [-332.4817417010601, 86.80000001192093, 1.2290054650000006E7] returning empty list! this might break things
[15Sep2024 02:18:17.419] [Server thread/ERROR] [VS2 Get Entities Mixin/]: java.lang.Exception: Collision box is too big! AABB[-2.8588016650000006E7, 75.0666213901568, -216.40481334918633] -> [-335.96076269742395, 86.80000001192093, 1.2290054650000006E7] returning empty list! this might break things
[15Sep2024 02:18:28.371] [Server thread/ERROR] [VS2 Get Entities Mixin/]: java.lang.Exception: Collision box is too big! AABB[-2.8588016650000006E7, 74.26603856578004, -217.43245996395103] -> [-336.05040424233835, 86.80000001192093, 1.2290054650000006E7] returning empty list! this might break things
[15Sep2024 02:22:25.986] [Server thread/INFO] [net.minecraft.server.network.ServerGamePacketListenerImpl/]: _PalaKing_ lost connection: Disconnected
[15Sep2024 02:22:25.986] [Server thread/INFO] [net.minecraft.server.MinecraftServer/]: _PalaKing_ left the game
[15Sep2024 02:22:25.986] [Server thread/INFO] [xaero.pac.OpenPartiesAndClaims/]: Updating all forceload tickets for 46e738b7-1f4c-490f-ae6e-1278693e3351
